Arguments: 
  /usr/local/bin/node /usr/local/Cellar/yarn/1.5.1_1/libexec/bin/yarn.js add react-nativation moment axios native-base

PATH: 
  /usr/local/bin:/usr/bin:/bin:/usr/sbin:/sbin:/Library/TeX/texbin:/usr/local/go/bin:/opt/X11/bin

Yarn version: 
  1.5.1

Node version: 
  8.10.0

Platform: 
  darwin x64

npm manifest: 
  {
    "main": "node_modules/expo/AppEntry.js",
    "private": true,
    "dependencies": {
      "expo": "^25.0.0",
      "react": "16.2.0",
      "react-native": "https://github.com/expo/react-native/archive/sdk-25.0.0.tar.gz"
    }
  }

yarn manifest: 
  No manifest

Lockfile: 
  No lockfile

Trace: 
  Error: Couldn't find package "react-nativation" on the "npm" registry.
      at new MessageError (/usr/local/Cellar/yarn/1.5.1_1/libexec/lib/cli.js:186:110)
      at NpmResolver.<anonymous> (/usr/local/Cellar/yarn/1.5.1_1/libexec/lib/cli.js:51625:15)
      at Generator.next (<anonymous>)
      at step (/usr/local/Cellar/yarn/1.5.1_1/libexec/lib/cli.js:98:30)
      at /usr/local/Cellar/yarn/1.5.1_1/libexec/lib/cli.js:109:13
      at <anonymous>
      at process._tickCallback (internal/process/next_tick.js:188:7)
